<?xml version="1.0" encoding="UTF-8"?>
<testsuite xmlns:xsi="http://www.w3.org/2001/XMLSchema-instance" xsi:noNamespaceSchemaLocation="https://maven.apache.org/surefire/maven-surefire-plugin/xsd/surefire-test-report-3.0.xsd" version="3.0" name="com.example.refactoredbackend.controller.DataControllerTest" time="4.058" tests="7" errors="0" skipped="0" failures="0">
  <properties>
[...]
</properties>
  <testcase name="testHealthEndpoint" classname="com.example.refactoredbackend.controller.DataControllerTest" time="0.326">
    <system-out><![CDATA[08:39:02.165 [main] INFO org.springframework.test.context.support.AnnotationConfigContextLoaderUtils -- Could not detect default configuration classes for test class [com.example.refactoredbackend.controller.DataControllerTest]: DataControllerTest does not declare any static, non-private, non-final, nested classes annotated with @Configuration.
08:39:02.262 [main] INFO org.springframework.boot.test.context.SpringBootTestContextBootstrapper -- Found @SpringBootConfiguration com.example.refactoredbackend.RefactoredBackendApplication for test class com.example.refactoredbackend.controller.DataControllerTest

  .   ____          _            __ _ _
 /\\ / ___'_ __ _ _(_)_ __  __ _ \ \ \ \
( ( )\___ | '_ | '_| | '_ \/ _` | \ \ \ \
 \\/  ___)| |_)| | | | | || (_| |  ) ) ) )
  '  |____| .__|_| |_|_| |_\__, | / / / /
 =========|_|==============|___/=/_/_/_/
 :: Spring Boot ::                (v3.1.5)

2025-10-22T08:39:02.540-05:00  INFO 20592 --- [           main] c.e.r.controller.DataControllerTest      : Starting DataControllerTest using Java 25 with PID 20592 (started by pyres in C:\vscode\cychad\cyyadd\java-backend)
2025-10-22T08:39:02.541-05:00  INFO 20592 --- [           main] c.e.r.controller.DataControllerTest      : No active profile set, falling back to 1 default profile: "default"
2025-10-22T08:39:02.957-05:00  INFO 20592 --- [           main] .s.d.r.c.RepositoryConfigurationDelegate : Bootstrapping Spring Data JPA repositories in DEFAULT mode.
2025-10-22T08:39:03.010-05:00  INFO 20592 --- [           main] .s.d.r.c.RepositoryConfigurationDelegate : Finished Spring Data repository scanning in 46 ms. Found 5 JPA repository interfaces.
2025-10-22T08:39:03.343-05:00  INFO 20592 --- [           main] o.f.c.internal.license.VersionPrinter    : Flyway Community Edition 9.16.3 by Redgate
2025-10-22T08:39:03.344-05:00  INFO 20592 --- [           main] o.f.c.internal.license.VersionPrinter    : See release notes here: https://rd.gt/416ObMi
2025-10-22T08:39:03.344-05:00  INFO 20592 --- [           main] o.f.c.internal.license.VersionPrinter    : 
2025-10-22T08:39:03.354-05:00  INFO 20592 --- [           main] com.zaxxer.hikari.HikariDataSource       : HikariPool-1 - Starting...
2025-10-22T08:39:03.520-05:00  INFO 20592 --- [           main] com.zaxxer.hikari.pool.HikariPool        : HikariPool-1 - Added connection org.postgresql.jdbc.PgConnection@53d2d002
2025-10-22T08:39:03.521-05:00  INFO 20592 --- [           main] com.zaxxer.hikari.HikariDataSource       : HikariPool-1 - Start completed.
2025-10-22T08:39:03.534-05:00  INFO 20592 --- [           main] o.f.c.i.database.base.BaseDatabaseType   : Database: jdbc:postgresql://localhost:5432/cydd (PostgreSQL 17.6)
2025-10-22T08:39:03.539-05:00  WARN 20592 --- [           main] o.f.c.internal.database.base.Database    : Flyway upgrade recommended: PostgreSQL 17.6 is newer than this version of Flyway and support has not been tested. The latest supported version of PostgreSQL is 15.
2025-10-22T08:39:03.570-05:00  INFO 20592 --- [           main] o.f.c.i.command.clean.CleanExecutor      : Successfully dropped pre-schema database level objects (execution time 00:00.000s)
2025-10-22T08:39:03.604-05:00  INFO 20592 --- [           main] o.f.c.i.command.clean.CleanExecutor      : Successfully cleaned schema "public" (execution time 00:00.034s)
2025-10-22T08:39:03.613-05:00  INFO 20592 --- [           main] o.f.c.i.command.clean.CleanExecutor      : Successfully cleaned schema "public" (execution time 00:00.007s)
2025-10-22T08:39:03.613-05:00  INFO 20592 --- [           main] o.f.c.i.command.clean.CleanExecutor      : Successfully dropped post-schema database level objects (execution time 00:00.000s)
2025-10-22T08:39:03.620-05:00  INFO 20592 --- [           main] o.f.c.i.s.JdbcTableSchemaHistory         : Creating Schema History table "public"."flyway_schema_history" ...
2025-10-22T08:39:03.654-05:00  INFO 20592 --- [           main] o.f.core.internal.command.DbMigrate      : Current version of schema "public": << Empty Schema >>
2025-10-22T08:39:03.659-05:00  INFO 20592 --- [           main] o.f.core.internal.command.DbMigrate      : Migrating schema "public" to version "1.0 - baseline"
2025-10-22T08:39:03.660-05:00  INFO 20592 --- [           main] o.f.c.i.s.DefaultSqlScriptExecutor       : +----------+
| ?column? |
+----------+
| 1        |
+----------+

2025-10-22T08:39:03.670-05:00  INFO 20592 --- [           main] o.f.core.internal.command.DbMigrate      : Migrating schema "public" to version "1.1 - Add remaining tables"
2025-10-22T08:39:03.709-05:00  INFO 20592 --- [           main] o.f.core.internal.command.DbMigrate      : Successfully applied 2 migrations to schema "public", now at version v1.1 (execution time 00:00.056s)
2025-10-22T08:39:03.790-05:00  INFO 20592 --- [           main] o.hibernate.jpa.internal.util.LogHelper  : HHH000204: Processing PersistenceUnitInfo [name: default]
2025-10-22T08:39:03.829-05:00  INFO 20592 --- [           main] org.hibernate.Version                    : HHH000412: Hibernate ORM core version 6.2.13.Final
2025-10-22T08:39:03.830-05:00  INFO 20592 --- [           main] org.hibernate.cfg.Environment            : HHH000406: Using bytecode reflection optimizer
2025-10-22T08:39:04.050-05:00  INFO 20592 --- [           main] o.s.o.j.p.SpringPersistenceUnitInfo      : No LoadTimeWeaver setup: ignoring JPA class transformer
2025-10-22T08:39:04.088-05:00  WARN 20592 --- [           main] org.hibernate.orm.deprecation            : HHH90000025: PostgreSQLDialect does not need to be specified explicitly using 'hibernate.dialect' (remove the property setting and it will be selected by default)
2025-10-22T08:39:04.741-05:00  INFO 20592 --- [           main] o.h.e.t.j.p.i.JtaPlatformInitiator       : HHH000489: No JTA platform available (set 'hibernate.transaction.jta.platform' to enable JTA platform integration)
2025-10-22T08:39:04.744-05:00  INFO 20592 --- [           main] j.LocalContainerEntityManagerFactoryBean : Initialized JPA EntityManagerFactory for persistence unit 'default'
2025-10-22T08:39:05.181-05:00  WARN 20592 --- [           main] JpaBaseConfiguration$JpaWebConfiguration : spring.jpa.open-in-view is enabled by default. Therefore, database queries may be performed during view rendering. Explicitly configure spring.jpa.open-in-view to disable this warning
2025-10-22T08:39:05.477-05:00  INFO 20592 --- [           main] o.s.b.t.m.w.SpringBootMockServletContext : Initializing Spring TestDispatcherServlet ''
2025-10-22T08:39:05.477-05:00  INFO 20592 --- [           main] o.s.t.web.servlet.TestDispatcherServlet  : Initializing Servlet ''
2025-10-22T08:39:05.478-05:00  INFO 20592 --- [           main] o.s.t.web.servlet.TestDispatcherServlet  : Completed initialization in 0 ms
2025-10-22T08:39:05.495-05:00  INFO 20592 --- [           main] c.e.r.controller.DataControllerTest      : Started DataControllerTest in 3.136 seconds (process running for 3.824)
]]></system-out>
    <system-err><![CDATA[WARNING: A Java agent has been loaded dynamically (C:\Users\pyres\.m2\repository\net\bytebuddy\byte-buddy-agent\1.14.9\byte-buddy-agent-1.14.9.jar)
WARNING: If a serviceability tool is in use, please run with -XX:+EnableDynamicAgentLoading to hide this warning
WARNING: If a serviceability tool is not in use, please run with -Djdk.instrument.traceUsage for more information
WARNING: Dynamic loading of agents will be disallowed by default in a future release
]]></system-err>
  </testcase>
  <testcase name="testChemicalOperations" classname="com.example.refactoredbackend.controller.DataControllerTest" time="0.156">
    <system-out><![CDATA[Hibernate: insert into chemicals (cas,molecular_weight,name,state) values (?,?,?,?)
Hibernate: select c1_0.id,c1_0.cas,c1_0.molecular_weight,c1_0.name,c1_0.state from chemicals c1_0
]]></system-out>
  </testcase>
  <testcase name="testDispersionModelEndpoints" classname="com.example.refactoredbackend.controller.DataControllerTest" time="0.021"/>
  <testcase name="testEventOperations" classname="com.example.refactoredbackend.controller.DataControllerTest" time="0.045">
    <system-out><![CDATA[Hibernate: insert into chemicals (cas,molecular_weight,name,state) values (?,?,?,?)
Hibernate: insert into events (amount,chemical_id,description,heat,lat,lon,name,terrain,time,type) values (?,?,?,?,?,?,?,?,?,?)
Hibernate: select e1_0.id,e1_0.amount,e1_0.chemical_id,e1_0.description,e1_0.heat,e1_0.lat,e1_0.lon,e1_0.name,e1_0.terrain,e1_0.time,e1_0.type from events e1_0
Hibernate: select c1_0.id,c1_0.cas,c1_0.molecular_weight,c1_0.name,c1_0.state from chemicals c1_0 where c1_0.id=?
]]></system-out>
  </testcase>
  <testcase name="testStationOperations" classname="com.example.refactoredbackend.controller.DataControllerTest" time="0.016">
    <system-out><![CDATA[Hibernate: insert into stations (lat,lon,name,provider) values (?,?,?,?)
Hibernate: select s1_0.id,s1_0.lat,s1_0.lon,s1_0.name,s1_0.provider from stations s1_0
]]></system-out>
  </testcase>
  <testcase name="testPlumeOperations" classname="com.example.refactoredbackend.controller.DataControllerTest" time="0.025">
    <system-out><![CDATA[Hibernate: select nextval('plume_id_seq')
Hibernate: insert into plume (so2_error_ppb,so2_flag,so2_ppb,so2_ppb_forecast,species,station_id,time,time_forecast,time_obs,wind_dir_deg,wind_dir_error_deg,wind_speed_error_ms,wind_speed_ms,id) values (?,?,?,?,?,?,?,?,?,?,?,?,?,?)
Hibernate: select p1_0.id,p1_0.so2_error_ppb,p1_0.so2_flag,p1_0.so2_ppb,p1_0.so2_ppb_forecast,p1_0.species,p1_0.station_id,p1_0.time,p1_0.time_forecast,p1_0.time_obs,p1_0.wind_dir_deg,p1_0.wind_dir_error_deg,p1_0.wind_speed_error_ms,p1_0.wind_speed_ms from plume p1_0
]]></system-out>
  </testcase>
  <testcase name="testWeatherEndpoints" classname="com.example.refactoredbackend.controller.DataControllerTest" time="0.013">
    <system-out><![CDATA[Hibernate: select w1_0.id,w1_0.humidity,w1_0.precipitation,w1_0.pressure,w1_0.station_id,w1_0.temperature,w1_0.time,w1_0.wind_direction,w1_0.wind_speed from weather w1_0
]]></system-out>
  </testcase>
</testsuite>